<?xml version="1.0" encoding="UTF-8"?>
<!-- Generated by org.testng.reporters.JUnitReportReporter -->
<testsuite hostname="DESKTOP-17V9HJ5" failures="0" tests="1" name="Packt.com.Tests.Troubleshooting" time="44.559" errors="0" timestamp="2025-04-06T14:05:05 WAT" skipped="0">
  <testcase classname="Packt.com.Tests.Troubleshooting" name="staleElementTest" time="44.559"/>
</testsuite> <!-- Packt.com.Tests.Troubleshooting -->
